# JRE version: OpenJDK Runtime Environment (21.0.8) (build 21.0.8+-14196175-b1038.72)
# Java VM: OpenJDK 64-Bit Server VM (21.0.8+-14196175-b1038.72, mixed mode, tiered, compressed oops, compressed class ptrs, g1 gc, windows-amd64)
GC Precious Log:
 CardTable entry size: 512
 Card Set container configuration: InlinePtr #cards 5 size 8 Array Of Cards #cards 12 size 40 Howl #buckets 4 coarsen threshold 1843 Howl Bitmap #cards 512 size 80 coarsen threshold 460 Card regions per heap region 1 cards per card region 2048
 CPUs: 12 total, 12 available
 Memory: 15741M
 Large Page Support: Disabled
 NUMA Support: Disabled
 Compressed Oops: Enabled (32-bit)
 Heap Region Size: 1M
 Heap Min Capacity: 256M
 Heap Initial Capacity: 256M
 Heap Max Capacity: 512M
 Pre-touch: Disabled
 Parallel Workers: 10
 Concurrent Workers: 3
 Concurrent Refinement Workers: 10
 Periodic GC: Disabled
Heap:
 garbage-first heap   total 262144K, used 179949K [0x00000000e0000000, 0x0000000100000000)
  region size 1024K, 93 young (95232K), 12 survivors (12288K)
 Metaspace       used 105707K, committed 107648K, reserved 458752K
  class space    used 14837K, committed 15808K, reserved 327680K
GC Heap History (20 events):
Event: 0.580 GC heap before
{Heap before GC invocations=0 (full 0):
 garbage-first heap   total 262144K, used 26624K [0x00000000e0000000, 0x0000000100000000)
  region size 1024K, 23 young (23552K), 0 survivors (0K)
 Metaspace       used 10913K, committed 11072K, reserved 393216K
  class space    used 1173K, committed 1216K, reserved 327680K
}
Event: 0.583 GC heap after
{Heap after GC invocations=1 (full 0):
 garbage-first heap   total 262144K, used 10750K [0x00000000e0000000, 0x0000000100000000)
  region size 1024K, 3 young (3072K), 3 survivors (3072K)
 Metaspace       used 10913K, committed 11072K, reserved 393216K
  class space    used 1173K, committed 1216K, reserved 327680K
}
Event: 0.946 GC heap before
{Heap before GC invocations=1 (full 0):
 garbage-first heap   total 262144K, used 40446K [0x00000000e0000000, 0x0000000100000000)
  region size 1024K, 32 young (32768K), 3 survivors (3072K)
 Metaspace       used 12024K, committed 12224K, reserved 393216K
  class space    used 1294K, committed 1408K, reserved 327680K
}
Event: 0.947 GC heap after
{Heap after GC invocations=2 (full 0):
 garbage-first heap   total 262144K, used 11290K [0x00000000e0000000, 0x0000000100000000)
  region size 1024K, 1 young (1024K), 1 survivors (1024K)
 Metaspace       used 12024K, committed 12224K, reserved 393216K
  class space    used 1294K, committed 1408K, reserved 327680K
}
Event: 1.632 GC heap before
{Heap before GC invocations=2 (full 0):
 garbage-first heap   total 262144K, used 54298K [0x00000000e0000000, 0x0000000100000000)
  region size 1024K, 44 young (45056K), 1 survivors (1024K)
 Metaspace       used 21269K, committed 21504K, reserved 393216K
  class space    used 2535K, committed 2624K, reserved 327680K
}
Event: 1.635 GC heap after
{Heap after GC invocations=3 (full 0):
 garbage-first heap   total 262144K, used 19246K [0x00000000e0000000, 0x0000000100000000)
  region size 1024K, 9 young (9216K), 9 survivors (9216K)
 Metaspace       used 21269K, committed 21504K, reserved 393216K
  class space    used 2535K, committed 2624K, reserved 327680K
}
Event: 2.566 GC heap before
{Heap before GC invocations=4 (full 0):
 garbage-first heap   total 262144K, used 109358K [0x00000000e0000000, 0x0000000100000000)
  region size 1024K, 98 young (100352K), 9 survivors (9216K)
 Metaspace       used 35126K, committed 35968K, reserved 393216K
  class space    used 4905K, committed 5312K, reserved 327680K
}
Event: 2.571 GC heap after
{Heap after GC invocations=5 (full 0):
 garbage-first heap   total 262144K, used 24771K [0x00000000e0000000, 0x0000000100000000)
  region size 1024K, 14 young (14336K), 14 survivors (14336K)
 Metaspace       used 35126K, committed 35968K, reserved 393216K
  class space    used 4905K, committed 5312K, reserved 327680K
}
Event: 3.900 GC heap before
{Heap before GC invocations=6 (full 0):
 garbage-first heap   total 262144K, used 173251K [0x00000000e0000000, 0x0000000100000000)
  region size 1024K, 153 young (156672K), 14 survivors (14336K)
 Metaspace       used 53801K, committed 55168K, reserved 393216K
  class space    used 7530K, committed 8192K, reserved 327680K
}
Event: 3.912 GC heap after
{Heap after GC invocations=7 (full 0):
 garbage-first heap   total 262144K, used 40029K [0x00000000e0000000, 0x0000000100000000)
  region size 1024K, 19 young (19456K), 19 survivors (19456K)
 Metaspace       used 53801K, committed 55168K, reserved 393216K
  class space    used 7530K, committed 8192K, reserved 327680K
}
Event: 4.289 GC heap before
{Heap before GC invocations=7 (full 0):
 garbage-first heap   total 262144K, used 82013K [0x00000000e0000000, 0x0000000100000000)
  region size 1024K, 60 young (61440K), 19 survivors (19456K)
 Metaspace       used 58695K, committed 60096K, reserved 393216K
  class space    used 8221K, committed 8896K, reserved 327680K
}
Event: 4.298 GC heap after
{Heap after GC invocations=8 (full 0):
 garbage-first heap   total 262144K, used 42752K [0x00000000e0000000, 0x0000000100000000)
  region size 1024K, 4 young (4096K), 4 survivors (4096K)
 Metaspace       used 58695K, committed 60096K, reserved 393216K
  class space    used 8221K, committed 8896K, reserved 327680K
}
Event: 5.700 GC heap before
{Heap before GC invocations=9 (full 0):
 garbage-first heap   total 262144K, used 209664K [0x00000000e0000000, 0x0000000100000000)
  region size 1024K, 153 young (156672K), 4 survivors (4096K)
 Metaspace       used 70116K, committed 71744K, reserved 393216K
  class space    used 9595K, committed 10368K, reserved 327680K
}
Event: 5.705 GC heap after
{Heap after GC invocations=10 (full 0):
 garbage-first heap   total 262144K, used 70866K [0x00000000e0000000, 0x0000000100000000)
  region size 1024K, 18 young (18432K), 18 survivors (18432K)
 Metaspace       used 70116K, committed 71744K, reserved 393216K
  class space    used 9595K, committed 10368K, reserved 327680K
}
Event: 7.290 GC heap before
{Heap before GC invocations=10 (full 0):
 garbage-first heap   total 262144K, used 218322K [0x00000000e0000000, 0x0000000100000000)
  region size 1024K, 153 young (156672K), 18 survivors (18432K)
 Metaspace       used 84612K, committed 86400K, reserved 458752K
  class space    used 11623K, committed 12480K, reserved 327680K
}
Event: 7.302 GC heap after
{Heap after GC invocations=11 (full 0):
 garbage-first heap   total 262144K, used 86197K [0x00000000e0000000, 0x0000000100000000)
  region size 1024K, 11 young (11264K), 11 survivors (11264K)
 Metaspace       used 84612K, committed 86400K, reserved 458752K
  class space    used 11623K, committed 12480K, reserved 327680K
}
Event: 8.239 GC heap before
{Heap before GC invocations=11 (full 0):
 garbage-first heap   total 262144K, used 226485K [0x00000000e0000000, 0x0000000100000000)
  region size 1024K, 147 young (150528K), 11 survivors (11264K)
 Metaspace       used 93214K, committed 94976K, reserved 458752K
  class space    used 12989K, committed 13824K, reserved 327680K
}
Event: 8.245 GC heap after
{Heap after GC invocations=12 (full 0):
 garbage-first heap   total 262144K, used 94556K [0x00000000e0000000, 0x0000000100000000)
  region size 1024K, 19 young (19456K), 19 survivors (19456K)
 Metaspace       used 93214K, committed 94976K, reserved 458752K
  class space    used 12989K, committed 13824K, reserved 327680K
}
Event: 8.871 GC heap before
{Heap before GC invocations=12 (full 0):
 garbage-first heap   total 262144K, used 161116K [0x00000000e0000000, 0x0000000100000000)
  region size 1024K, 85 young (87040K), 19 survivors (19456K)
 Metaspace       used 98684K, committed 100480K, reserved 458752K
  class space    used 13802K, committed 14720K, reserved 327680K
}
Event: 8.878 GC heap after
{Heap after GC invocations=13 (full 0):
 garbage-first heap   total 262144K, used 98029K [0x00000000e0000000, 0x0000000100000000)
  region size 1024K, 12 young (12288K), 12 survivors (12288K)
 Metaspace       used 98684K, committed 100480K, reserved 458752K
  class space    used 13802K, committed 14720K, reserved 327680K
}

